# JRE version: 7.0_07-b11
# Java VM: Java HotSpot(TM) Client VM (23.3-b01 mixed mode, sharing windows-x86 )
Heap
 def new generation   total 4928K, used 3849K [0x24260000, 0x247b0000, 0x297b0000)
  eden space 4416K,  75% used [0x24260000, 0x245a3700, 0x246b0000)
  from space 512K,  99% used [0x246b0000, 0x2472f0f0, 0x24730000)
  to   space 512K,   0% used [0x24730000, 0x24730000, 0x247b0000)
 tenured generation   total 10944K, used 3124K [0x297b0000, 0x2a260000, 0x34260000)
   the space 10944K,  28% used [0x297b0000, 0x29abd350, 0x29abd400, 0x2a260000)
 compacting perm gen  total 12288K, used 1753K [0x34260000, 0x34e60000, 0x38260000)
   the space 12288K,  14% used [0x34260000, 0x34416590, 0x34416600, 0x34e60000)
    ro space 10240K,  45% used [0x38260000, 0x386e4650, 0x386e4800, 0x38c60000)
    rw space 12288K,  54% used [0x38c60000, 0x392e7e58, 0x392e8000, 0x39860000)
GC Heap History (4 events):
Event: 0.382 GC heap before
{Heap before GC invocations=0 (full 0):
 def new generation   total 4928K, used 4271K [0x24260000, 0x247b0000, 0x297b0000)
  eden space 4416K,  96% used [0x24260000, 0x2468bef0, 0x246b0000)
  from space 512K,   0% used [0x246b0000, 0x246b0000, 0x24730000)
  to   space 512K,   0% used [0x24730000, 0x24730000, 0x247b0000)
 tenured generation   total 10944K, used 0K [0x297b0000, 0x2a260000, 0x34260000)
   the space 10944K,   0% used [0x297b0000, 0x297b0000, 0x297b0200, 0x2a260000)
 compacting perm gen  total 12288K, used 897K [0x34260000, 0x34e60000, 0x38260000)
   the space 12288K,   7% used [0x34260000, 0x343404b0, 0x34340600, 0x34e60000)
    ro space 10240K,  45% used [0x38260000, 0x386e4650, 0x386e4800, 0x38c60000)
    rw space 12288K,  54% used [0x38c60000, 0x392e7e58, 0x392e8000, 0x39860000)
Event: 0.392 GC heap after
Heap after GC invocations=1 (full 0):
 def new generation   total 4928K, used 512K [0x24260000, 0x247b0000, 0x297b0000)
  eden space 4416K,   0% used [0x24260000, 0x24260000, 0x246b0000)
  from space 512K, 100% used [0x24730000, 0x247b0000, 0x247b0000)
  to   space 512K,   0% used [0x246b0000, 0x246b0000, 0x24730000)
 tenured generation   total 10944K, used 2084K [0x297b0000, 0x2a260000, 0x34260000)
   the space 10944K,  19% used [0x297b0000, 0x299b92b8, 0x299b9400, 0x2a260000)
 compacting perm gen  total 12288K, used 897K [0x34260000, 0x34e60000, 0x38260000)
   the space 12288K,   7% used [0x34260000, 0x343404b0, 0x34340600, 0x34e60000)
    ro space 10240K,  45% used [0x38260000, 0x386e4650, 0x386e4800, 0x38c60000)
    rw space 12288K,  54% used [0x38c60000, 0x392e7e58, 0x392e8000, 0x39860000)
}
Event: 5.938 GC heap before
{Heap before GC invocations=1 (full 0):
 def new generation   total 4928K, used 4879K [0x24260000, 0x247b0000, 0x297b0000)
  eden space 4416K,  98% used [0x24260000, 0x246a3c58, 0x246b0000)
  from space 512K, 100% used [0x24730000, 0x247b0000, 0x247b0000)
  to   space 512K,   0% used [0x246b0000, 0x246b0000, 0x24730000)
 tenured generation   total 10944K, used 2084K [0x297b0000, 0x2a260000, 0x34260000)
   the space 10944K,  19% used [0x297b0000, 0x299b92b8, 0x299b9400, 0x2a260000)
 compacting perm gen  total 12288K, used 957K [0x34260000, 0x34e60000, 0x38260000)
   the space 12288K,   7% used [0x34260000, 0x3434f720, 0x3434f800, 0x34e60000)
    ro space 10240K,  45% used [0x38260000, 0x386e4650, 0x386e4800, 0x38c60000)
    rw space 12288K,  54% used [0x38c60000, 0x392e7e58, 0x392e8000, 0x39860000)
Event: 5.943 GC heap after
Heap after GC invocations=2 (full 0):
 def new generation   total 4928K, used 508K [0x24260000, 0x247b0000, 0x297b0000)
  eden space 4416K,   0% used [0x24260000, 0x24260000, 0x246b0000)
  from space 512K,  99% used [0x246b0000, 0x2472f0f0, 0x24730000)
  to   space 512K,   0% used [0x24730000, 0x24730000, 0x247b0000)
 tenured generation   total 10944K, used 3124K [0x297b0000, 0x2a260000, 0x34260000)
   the space 10944K,  28% used [0x297b0000, 0x29abd350, 0x29abd400, 0x2a260000)
 compacting perm gen  total 12288K, used 957K [0x34260000, 0x34e60000, 0x38260000)
   the space 12288K,   7% used [0x34260000, 0x3434f720, 0x3434f800, 0x34e60000)
    ro space 10240K,  45% used [0x38260000, 0x386e4650, 0x386e4800, 0x38c60000)
    rw space 12288K,  54% used [0x38c60000, 0x392e7e58, 0x392e8000, 0x39860000)
}

