# JRE version: 7.0_07-b11
# Java VM: Java HotSpot(TM) Client VM (23.3-b01 mixed mode, sharing windows-x86 )
Heap
 def new generation   total 4928K, used 1951K [0x24260000, 0x247b0000, 0x297b0000)
  eden space 4416K,  32% used [0x24260000, 0x243c7ce8, 0x246b0000)
  from space 512K, 100% used [0x24730000, 0x247b0000, 0x247b0000)
  to   space 512K,   0% used [0x246b0000, 0x246b0000, 0x24730000)
 tenured generation   total 10944K, used 4059K [0x297b0000, 0x2a260000, 0x34260000)
   the space 10944K,  37% used [0x297b0000, 0x29ba6e88, 0x29ba7000, 0x2a260000)
 compacting perm gen  total 12288K, used 1723K [0x34260000, 0x34e60000, 0x38260000)
   the space 12288K,  14% used [0x34260000, 0x3440ed48, 0x3440ee00, 0x34e60000)
    ro space 10240K,  45% used [0x38260000, 0x386e4650, 0x386e4800, 0x38c60000)
    rw space 12288K,  54% used [0x38c60000, 0x392e7e58, 0x392e8000, 0x39860000)
GC Heap History (6 events):
Event: 0.489 GC heap before
{Heap before GC invocations=0 (full 0):
 def new generation   total 4928K, used 4274K [0x24260000, 0x247b0000, 0x297b0000)
  eden space 4416K,  96% used [0x24260000, 0x2468ca20, 0x246b0000)
  from space 512K,   0% used [0x246b0000, 0x246b0000, 0x24730000)
  to   space 512K,   0% used [0x24730000, 0x24730000, 0x247b0000)
 tenured generation   total 10944K, used 0K [0x297b0000, 0x2a260000, 0x34260000)
   the space 10944K,   0% used [0x297b0000, 0x297b0000, 0x297b0200, 0x2a260000)
 compacting perm gen  total 12288K, used 892K [0x34260000, 0x34e60000, 0x38260000)
   the space 12288K,   7% used [0x34260000, 0x3433f2f8, 0x3433f400, 0x34e60000)
    ro space 10240K,  45% used [0x38260000, 0x386e4650, 0x386e4800, 0x38c60000)
    rw space 12288K,  54% used [0x38c60000, 0x392e7e58, 0x392e8000, 0x39860000)
Event: 0.497 GC heap after
Heap after GC invocations=1 (full 0):
 def new generation   total 4928K, used 512K [0x24260000, 0x247b0000, 0x297b0000)
  eden space 4416K,   0% used [0x24260000, 0x24260000, 0x246b0000)
  from space 512K, 100% used [0x24730000, 0x247b0000, 0x247b0000)
  to   space 512K,   0% used [0x246b0000, 0x246b0000, 0x24730000)
 tenured generation   total 10944K, used 2069K [0x297b0000, 0x2a260000, 0x34260000)
   the space 10944K,  18% used [0x297b0000, 0x299b5680, 0x299b5800, 0x2a260000)
 compacting perm gen  total 12288K, used 892K [0x34260000, 0x34e60000, 0x38260000)
   the space 12288K,   7% used [0x34260000, 0x3433f2f8, 0x3433f400, 0x34e60000)
    ro space 10240K,  45% used [0x38260000, 0x386e4650, 0x386e4800, 0x38c60000)
    rw space 12288K,  54% used [0x38c60000, 0x392e7e58, 0x392e8000, 0x39860000)
}
Event: 5.599 GC heap before
{Heap before GC invocations=1 (full 0):
 def new generation   total 4928K, used 4775K [0x24260000, 0x247b0000, 0x297b0000)
  eden space 4416K,  96% used [0x24260000, 0x24689f58, 0x246b0000)
  from space 512K, 100% used [0x24730000, 0x247b0000, 0x247b0000)
  to   space 512K,   0% used [0x246b0000, 0x246b0000, 0x24730000)
 tenured generation   total 10944K, used 2069K [0x297b0000, 0x2a260000, 0x34260000)
   the space 10944K,  18% used [0x297b0000, 0x299b5680, 0x299b5800, 0x2a260000)
 compacting perm gen  total 12288K, used 909K [0x34260000, 0x34e60000, 0x38260000)
   the space 12288K,   7% used [0x34260000, 0x34343728, 0x34343800, 0x34e60000)
    ro space 10240K,  45% used [0x38260000, 0x386e4650, 0x386e4800, 0x38c60000)
    rw space 12288K,  54% used [0x38c60000, 0x392e7e58, 0x392e8000, 0x39860000)
Event: 5.602 GC heap after
Heap after GC invocations=2 (full 0):
 def new generation   total 4928K, used 194K [0x24260000, 0x247b0000, 0x297b0000)
  eden space 4416K,   0% used [0x24260000, 0x24260000, 0x246b0000)
  from space 512K,  38% used [0x246b0000, 0x246e0aa8, 0x24730000)
  to   space 512K,   0% used [0x24730000, 0x24730000, 0x247b0000)
 tenured generation   total 10944K, used 2579K [0x297b0000, 0x2a260000, 0x34260000)
   the space 10944K,  23% used [0x297b0000, 0x29a34c30, 0x29a34e00, 0x2a260000)
 compacting perm gen  total 12288K, used 909K [0x34260000, 0x34e60000, 0x38260000)
   the space 12288K,   7% used [0x34260000, 0x34343728, 0x34343800, 0x34e60000)
    ro space 10240K,  45% used [0x38260000, 0x386e4650, 0x386e4800, 0x38c60000)
    rw space 12288K,  54% used [0x38c60000, 0x392e7e58, 0x392e8000, 0x39860000)
}
Event: 5.807 GC heap before
{Heap before GC invocations=2 (full 0):
 def new generation   total 4928K, used 4610K [0x24260000, 0x247b0000, 0x297b0000)
  eden space 4416K, 100% used [0x24260000, 0x246b0000, 0x246b0000)
  from space 512K,  38% used [0x246b0000, 0x246e0aa8, 0x24730000)
  to   space 512K,   0% used [0x24730000, 0x24730000, 0x247b0000)
 tenured generation   total 10944K, used 2579K [0x297b0000, 0x2a260000, 0x34260000)
   the space 10944K,  23% used [0x297b0000, 0x29a34c30, 0x29a34e00, 0x2a260000)
 compacting perm gen  total 12288K, used 1466K [0x34260000, 0x34e60000, 0x38260000)
   the space 12288K,  11% used [0x34260000, 0x343ce988, 0x343cea00, 0x34e60000)
    ro space 10240K,  45% used [0x38260000, 0x386e4650, 0x386e4800, 0x38c60000)
    rw space 12288K,  54% used [0x38c60000, 0x392e7e58, 0x392e8000, 0x39860000)
Event: 5.811 GC heap after
Heap after GC invocations=3 (full 0):
 def new generation   total 4928K, used 512K [0x24260000, 0x247b0000, 0x297b0000)
  eden space 4416K,   0% used [0x24260000, 0x24260000, 0x246b0000)
  from space 512K, 100% used [0x24730000, 0x247b0000, 0x247b0000)
  to   space 512K,   0% used [0x246b0000, 0x246b0000, 0x24730000)
 tenured generation   total 10944K, used 4059K [0x297b0000, 0x2a260000, 0x34260000)
   the space 10944K,  37% used [0x297b0000, 0x29ba6e88, 0x29ba7000, 0x2a260000)
 compacting perm gen  total 12288K, used 1466K [0x34260000, 0x34e60000, 0x38260000)
   the space 12288K,  11% used [0x34260000, 0x343ce988, 0x343cea00, 0x34e60000)
    ro space 10240K,  45% used [0x38260000, 0x386e4650, 0x386e4800, 0x38c60000)
    rw space 12288K,  54% used [0x38c60000, 0x392e7e58, 0x392e8000, 0x39860000)
}

