# JRE version: 7.0_07-b11
# Java VM: Java HotSpot(TM) Client VM (23.3-b01 mixed mode, sharing windows-x86 )
Heap
 def new generation   total 4928K, used 4384K [0x24260000, 0x247b0000, 0x297b0000)
  eden space 4416K,  89% used [0x24260000, 0x2463e8b8, 0x246b0000)
  from space 512K,  82% used [0x246b0000, 0x247197f8, 0x24730000)
  to   space 512K,   0% used [0x24730000, 0x24730000, 0x247b0000)
 tenured generation   total 10944K, used 2773K [0x297b0000, 0x2a260000, 0x34260000)
   the space 10944K,  25% used [0x297b0000, 0x29a656d0, 0x29a65800, 0x2a260000)
 compacting perm gen  total 12288K, used 1753K [0x34260000, 0x34e60000, 0x38260000)
   the space 12288K,  14% used [0x34260000, 0x34416598, 0x34416600, 0x34e60000)
    ro space 10240K,  45% used [0x38260000, 0x386e4650, 0x386e4800, 0x38c60000)
    rw space 12288K,  54% used [0x38c60000, 0x392e7e58, 0x392e8000, 0x39860000)
GC Heap History (4 events):
Event: 1.944 GC heap before
{Heap before GC invocations=0 (full 0):
 def new generation   total 4928K, used 4416K [0x24260000, 0x247b0000, 0x297b0000)
  eden space 4416K, 100% used [0x24260000, 0x246b0000, 0x246b0000)
  from space 512K,   0% used [0x246b0000, 0x246b0000, 0x24730000)
  to   space 512K,   0% used [0x24730000, 0x24730000, 0x247b0000)
 tenured generation   total 10944K, used 0K [0x297b0000, 0x2a260000, 0x34260000)
   the space 10944K,   0% used [0x297b0000, 0x297b0000, 0x297b0200, 0x2a260000)
 compacting perm gen  total 12288K, used 909K [0x34260000, 0x34e60000, 0x38260000)
   the space 12288K,   7% used [0x34260000, 0x34343708, 0x34343800, 0x34e60000)
    ro space 10240K,  45% used [0x38260000, 0x386e4650, 0x386e4800, 0x38c60000)
    rw space 12288K,  54% used [0x38c60000, 0x392e7e58, 0x392e8000, 0x39860000)
Event: 1.952 GC heap after
Heap after GC invocations=1 (full 0):
 def new generation   total 4928K, used 512K [0x24260000, 0x247b0000, 0x297b0000)
  eden space 4416K,   0% used [0x24260000, 0x24260000, 0x246b0000)
  from space 512K, 100% used [0x24730000, 0x247b0000, 0x247b0000)
  to   space 512K,   0% used [0x246b0000, 0x246b0000, 0x24730000)
 tenured generation   total 10944K, used 2263K [0x297b0000, 0x2a260000, 0x34260000)
   the space 10944K,  20% used [0x297b0000, 0x299e5c48, 0x299e5e00, 0x2a260000)
 compacting perm gen  total 12288K, used 909K [0x34260000, 0x34e60000, 0x38260000)
   the space 12288K,   7% used [0x34260000, 0x34343708, 0x34343800, 0x34e60000)
    ro space 10240K,  45% used [0x38260000, 0x386e4650, 0x386e4800, 0x38c60000)
    rw space 12288K,  54% used [0x38c60000, 0x392e7e58, 0x392e8000, 0x39860000)
}
Event: 5.497 GC heap before
{Heap before GC invocations=1 (full 0):
 def new generation   total 4928K, used 4604K [0x24260000, 0x247b0000, 0x297b0000)
  eden space 4416K,  92% used [0x24260000, 0x2465f158, 0x246b0000)
  from space 512K, 100% used [0x24730000, 0x247b0000, 0x247b0000)
  to   space 512K,   0% used [0x246b0000, 0x246b0000, 0x24730000)
 tenured generation   total 10944K, used 2263K [0x297b0000, 0x2a260000, 0x34260000)
   the space 10944K,  20% used [0x297b0000, 0x299e5c48, 0x299e5e00, 0x2a260000)
 compacting perm gen  total 12288K, used 957K [0x34260000, 0x34e60000, 0x38260000)
   the space 12288K,   7% used [0x34260000, 0x3434f728, 0x3434f800, 0x34e60000)
    ro space 10240K,  45% used [0x38260000, 0x386e4650, 0x386e4800, 0x38c60000)
    rw space 12288K,  54% used [0x38c60000, 0x392e7e58, 0x392e8000, 0x39860000)
Event: 5.501 GC heap after
Heap after GC invocations=2 (full 0):
 def new generation   total 4928K, used 421K [0x24260000, 0x247b0000, 0x297b0000)
  eden space 4416K,   0% used [0x24260000, 0x24260000, 0x246b0000)
  from space 512K,  82% used [0x246b0000, 0x247197f8, 0x24730000)
  to   space 512K,   0% used [0x24730000, 0x24730000, 0x247b0000)
 tenured generation   total 10944K, used 2773K [0x297b0000, 0x2a260000, 0x34260000)
   the space 10944K,  25% used [0x297b0000, 0x29a656d0, 0x29a65800, 0x2a260000)
 compacting perm gen  total 12288K, used 957K [0x34260000, 0x34e60000, 0x38260000)
   the space 12288K,   7% used [0x34260000, 0x3434f728, 0x3434f800, 0x34e60000)
    ro space 10240K,  45% used [0x38260000, 0x386e4650, 0x386e4800, 0x38c60000)
    rw space 12288K,  54% used [0x38c60000, 0x392e7e58, 0x392e8000, 0x39860000)
}

