# JRE version: 7.0_07-b11
# Java VM: Java HotSpot(TM) Client VM (23.3-b01 mixed mode, sharing windows-x86 )
Heap
 def new generation   total 4928K, used 2398K [0x24260000, 0x247b0000, 0x297b0000)
  eden space 4416K,  43% used [0x24260000, 0x24441d30, 0x246b0000)
  from space 512K,  92% used [0x246b0000, 0x24725e90, 0x24730000)
  to   space 512K,   0% used [0x24730000, 0x24730000, 0x247b0000)
 tenured generation   total 10944K, used 3996K [0x297b0000, 0x2a260000, 0x34260000)
   the space 10944K,  36% used [0x297b0000, 0x29b97168, 0x29b97200, 0x2a260000)
 compacting perm gen  total 12288K, used 1723K [0x34260000, 0x34e60000, 0x38260000)
   the space 12288K,  14% used [0x34260000, 0x3440ecd0, 0x3440ee00, 0x34e60000)
    ro space 10240K,  45% used [0x38260000, 0x386e4650, 0x386e4800, 0x38c60000)
    rw space 12288K,  54% used [0x38c60000, 0x392e7e58, 0x392e8000, 0x39860000)
GC Heap History (4 events):
Event: 0.411 GC heap before
{Heap before GC invocations=0 (full 0):
 def new generation   total 4928K, used 4274K [0x24260000, 0x247b0000, 0x297b0000)
  eden space 4416K,  96% used [0x24260000, 0x2468c810, 0x246b0000)
  from space 512K,   0% used [0x246b0000, 0x246b0000, 0x24730000)
  to   space 512K,   0% used [0x24730000, 0x24730000, 0x247b0000)
 tenured generation   total 10944K, used 0K [0x297b0000, 0x2a260000, 0x34260000)
   the space 10944K,   0% used [0x297b0000, 0x297b0000, 0x297b0200, 0x2a260000)
 compacting perm gen  total 12288K, used 897K [0x34260000, 0x34e60000, 0x38260000)
   the space 12288K,   7% used [0x34260000, 0x343404a0, 0x34340600, 0x34e60000)
    ro space 10240K,  45% used [0x38260000, 0x386e4650, 0x386e4800, 0x38c60000)
    rw space 12288K,  54% used [0x38c60000, 0x392e7e58, 0x392e8000, 0x39860000)
Event: 0.421 GC heap after
Heap after GC invocations=1 (full 0):
 def new generation   total 4928K, used 512K [0x24260000, 0x247b0000, 0x297b0000)
  eden space 4416K,   0% used [0x24260000, 0x24260000, 0x246b0000)
  from space 512K, 100% used [0x24730000, 0x247b0000, 0x247b0000)
  to   space 512K,   0% used [0x246b0000, 0x246b0000, 0x24730000)
 tenured generation   total 10944K, used 2073K [0x297b0000, 0x2a260000, 0x34260000)
   the space 10944K,  18% used [0x297b0000, 0x299b6758, 0x299b6800, 0x2a260000)
 compacting perm gen  total 12288K, used 897K [0x34260000, 0x34e60000, 0x38260000)
   the space 12288K,   7% used [0x34260000, 0x343404a0, 0x34340600, 0x34e60000)
    ro space 10240K,  45% used [0x38260000, 0x386e4650, 0x386e4800, 0x38c60000)
    rw space 12288K,  54% used [0x38c60000, 0x392e7e58, 0x392e8000, 0x39860000)
}
Event: 3.672 GC heap before
{Heap before GC invocations=1 (full 0):
 def new generation   total 4928K, used 4928K [0x24260000, 0x247b0000, 0x297b0000)
  eden space 4416K, 100% used [0x24260000, 0x246b0000, 0x246b0000)
  from space 512K, 100% used [0x24730000, 0x247b0000, 0x247b0000)
  to   space 512K,   0% used [0x246b0000, 0x246b0000, 0x24730000)
 tenured generation   total 10944K, used 2073K [0x297b0000, 0x2a260000, 0x34260000)
   the space 10944K,  18% used [0x297b0000, 0x299b6758, 0x299b6800, 0x2a260000)
 compacting perm gen  total 12288K, used 1353K [0x34260000, 0x34e60000, 0x38260000)
   the space 12288K,  11% used [0x34260000, 0x343b2798, 0x343b2800, 0x34e60000)
    ro space 10240K,  45% used [0x38260000, 0x386e4650, 0x386e4800, 0x38c60000)
    rw space 12288K,  54% used [0x38c60000, 0x392e7e58, 0x392e8000, 0x39860000)
Event: 3.679 GC heap after
Heap after GC invocations=2 (full 0):
 def new generation   total 4928K, used 471K [0x24260000, 0x247b0000, 0x297b0000)
  eden space 4416K,   0% used [0x24260000, 0x24260000, 0x246b0000)
  from space 512K,  92% used [0x246b0000, 0x24725e90, 0x24730000)
  to   space 512K,   0% used [0x24730000, 0x24730000, 0x247b0000)
 tenured generation   total 10944K, used 3996K [0x297b0000, 0x2a260000, 0x34260000)
   the space 10944K,  36% used [0x297b0000, 0x29b97168, 0x29b97200, 0x2a260000)
 compacting perm gen  total 12288K, used 1353K [0x34260000, 0x34e60000, 0x38260000)
   the space 12288K,  11% used [0x34260000, 0x343b2798, 0x343b2800, 0x34e60000)
    ro space 10240K,  45% used [0x38260000, 0x386e4650, 0x386e4800, 0x38c60000)
    rw space 12288K,  54% used [0x38c60000, 0x392e7e58, 0x392e8000, 0x39860000)
}

