# JRE version: 7.0_07-b11
# Java VM: Java HotSpot(TM) Client VM (23.3-b01 mixed mode windows-x86 )
Heap
 def new generation   total 4928K, used 855K [0x04af0000, 0x05040000, 0x0a040000)
  eden space 4416K,   7% used [0x04af0000, 0x04b45ef0, 0x04f40000)
  from space 512K, 100% used [0x04fc0000, 0x05040000, 0x05040000)
  to   space 512K,   0% used [0x04f40000, 0x04f40000, 0x04fc0000)
 tenured generation   total 10944K, used 4056K [0x0a040000, 0x0aaf0000, 0x14af0000)
   the space 10944K,  37% used [0x0a040000, 0x0a4361e8, 0x0a436200, 0x0aaf0000)
 compacting perm gen  total 12288K, used 7460K [0x14af0000, 0x156f0000, 0x18af0000)
   the space 12288K,  60% used [0x14af0000, 0x15239118, 0x15239200, 0x156f0000)
GC Heap History (6 events):
Event: 0.961 GC heap before
{Heap before GC invocations=0 (full 0):
 def new generation   total 4928K, used 2959K [0x04af0000, 0x05040000, 0x0a040000)
  eden space 4416K,  67% used [0x04af0000, 0x04dd3c78, 0x04f40000)
  from space 512K,   0% used [0x04f40000, 0x04f40000, 0x04fc0000)
  to   space 512K,   0% used [0x04fc0000, 0x04fc0000, 0x05040000)
 tenured generation   total 10944K, used 0K [0x0a040000, 0x0aaf0000, 0x14af0000)
   the space 10944K,   0% used [0x0a040000, 0x0a040000, 0x0a040200, 0x0aaf0000)
 compacting perm gen  total 12288K, used 6222K [0x14af0000, 0x156f0000, 0x18af0000)
   the space 12288K,  50% used [0x14af0000, 0x15103ab0, 0x15103c00, 0x156f0000)
No shared spaces configured.
Event: 0.974 GC heap after
Heap after GC invocations=1 (full 0):
 def new generation   total 4928K, used 512K [0x04af0000, 0x05040000, 0x0a040000)
  eden space 4416K,   0% used [0x04af0000, 0x04af0000, 0x04f40000)
  from space 512K, 100% used [0x04fc0000, 0x05040000, 0x05040000)
  to   space 512K,   0% used [0x04f40000, 0x04f40000, 0x04fc0000)
 tenured generation   total 10944K, used 705K [0x0a040000, 0x0aaf0000, 0x14af0000)
   the space 10944K,   6% used [0x0a040000, 0x0a0f0408, 0x0a0f0600, 0x0aaf0000)
 compacting perm gen  total 12288K, used 6222K [0x14af0000, 0x156f0000, 0x18af0000)
   the space 12288K,  50% used [0x14af0000, 0x15103ab0, 0x15103c00, 0x156f0000)
No shared spaces configured.
}
Event: 4.650 GC heap before
{Heap before GC invocations=1 (full 0):
 def new generation   total 4928K, used 4618K [0x04af0000, 0x05040000, 0x0a040000)
  eden space 4416K,  92% used [0x04af0000, 0x04ef2908, 0x04f40000)
  from space 512K, 100% used [0x04fc0000, 0x05040000, 0x05040000)
  to   space 512K,   0% used [0x04f40000, 0x04f40000, 0x04fc0000)
 tenured generation   total 10944K, used 705K [0x0a040000, 0x0aaf0000, 0x14af0000)
   the space 10944K,   6% used [0x0a040000, 0x0a0f0408, 0x0a0f0600, 0x0aaf0000)
 compacting perm gen  total 12288K, used 6527K [0x14af0000, 0x156f0000, 0x18af0000)
   the space 12288K,  53% used [0x14af0000, 0x1514fcd8, 0x1514fe00, 0x156f0000)
No shared spaces configured.
Event: 4.660 GC heap after
Heap after GC invocations=2 (full 0):
 def new generation   total 4928K, used 285K [0x04af0000, 0x05040000, 0x0a040000)
  eden space 4416K,   0% used [0x04af0000, 0x04af0000, 0x04f40000)
  from space 512K,  55% used [0x04f40000, 0x04f874e8, 0x04fc0000)
  to   space 512K,   0% used [0x04fc0000, 0x04fc0000, 0x05040000)
 tenured generation   total 10944K, used 2986K [0x0a040000, 0x0aaf0000, 0x14af0000)
   the space 10944K,  27% used [0x0a040000, 0x0a32ab00, 0x0a32ac00, 0x0aaf0000)
 compacting perm gen  total 12288K, used 6527K [0x14af0000, 0x156f0000, 0x18af0000)
   the space 12288K,  53% used [0x14af0000, 0x1514fcd8, 0x1514fe00, 0x156f0000)
No shared spaces configured.
}
Event: 17.841 GC heap before
{Heap before GC invocations=2 (full 0):
 def new generation   total 4928K, used 4701K [0x04af0000, 0x05040000, 0x0a040000)
  eden space 4416K, 100% used [0x04af0000, 0x04f40000, 0x04f40000)
  from space 512K,  55% used [0x04f40000, 0x04f874e8, 0x04fc0000)
  to   space 512K,   0% used [0x04fc0000, 0x04fc0000, 0x05040000)
 tenured generation   total 10944K, used 2986K [0x0a040000, 0x0aaf0000, 0x14af0000)
   the space 10944K,  27% used [0x0a040000, 0x0a32ab00, 0x0a32ac00, 0x0aaf0000)
 compacting perm gen  total 12288K, used 7416K [0x14af0000, 0x156f0000, 0x18af0000)
   the space 12288K,  60% used [0x14af0000, 0x1522e320, 0x1522e400, 0x156f0000)
No shared spaces configured.
Event: 17.848 GC heap after
Heap after GC invocations=3 (full 0):
 def new generation   total 4928K, used 512K [0x04af0000, 0x05040000, 0x0a040000)
  eden space 4416K,   0% used [0x04af0000, 0x04af0000, 0x04f40000)
  from space 512K, 100% used [0x04fc0000, 0x05040000, 0x05040000)
  to   space 512K,   0% used [0x04f40000, 0x04f40000, 0x04fc0000)
 tenured generation   total 10944K, used 4056K [0x0a040000, 0x0aaf0000, 0x14af0000)
   the space 10944K,  37% used [0x0a040000, 0x0a4361e8, 0x0a436200, 0x0aaf0000)
 compacting perm gen  total 12288K, used 7416K [0x14af0000, 0x156f0000, 0x18af0000)
   the space 12288K,  60% used [0x14af0000, 0x1522e320, 0x1522e400, 0x156f0000)
No shared spaces configured.
}

